CRITICAL - 2025-09-01 01:25:54 --> TypeError: App\Controllers\Home::index(): Return value must be of type string, none returned
[Method: GET, Route: /]
in APPPATH/Controllers/Home.php on line 10.
 1 SYSTEMPATH/CodeIgniter.php(933): App\Controllers\Home->index()
 2 SYSTEMPATH/CodeIgniter.php(507): CodeIgniter\CodeIgniter->runController(Object(App\Controllers\Home))
 3 SYSTEMPATH/CodeIgniter.php(354): CodeIgniter\CodeIgniter->handleRequest(null, Object(Config\Cache), false)
 4 SYSTEMPATH/Boot.php(363): CodeIgniter\CodeIgniter->run()
 5 SYSTEMPATH/Boot.php(68): CodeIgniter\Boot::runCodeIgniter(Object(CodeIgniter\CodeIgniter))
 6 FCPATH/index.php(59): CodeIgniter\Boot::bootWeb(Object(Config\Paths))
CRITICAL - 2025-09-01 01:26:25 --> TypeError: App\Controllers\Home::index(): Return value must be of type string, none returned
[Method: GET, Route: /]
in APPPATH/Controllers/Home.php on line 10.
 1 SYSTEMPATH/CodeIgniter.php(933): App\Controllers\Home->index()
 2 SYSTEMPATH/CodeIgniter.php(507): CodeIgniter\CodeIgniter->runController(Object(App\Controllers\Home))
 3 SYSTEMPATH/CodeIgniter.php(354): CodeIgniter\CodeIgniter->handleRequest(null, Object(Config\Cache), false)
 4 SYSTEMPATH/Boot.php(363): CodeIgniter\CodeIgniter->run()
 5 SYSTEMPATH/Boot.php(68): CodeIgniter\Boot::runCodeIgniter(Object(CodeIgniter\CodeIgniter))
 6 FCPATH/index.php(59): CodeIgniter\Boot::bootWeb(Object(Config\Paths))
CRITICAL - 2025-09-01 02:30:38 --> ErrorException: Undefined variable $book
[Method: GET, Route: Book/add]
in APPPATH/Views/add_book.php on line 3.
 1 APPPATH/Views/add_book.php(3): CodeIgniter\Debug\Exceptions->errorHandler(2, 'Undefined variable $book', '/var/www/html/app/Views/add_book.php', 3)
 2 SYSTEMPATH/View/View.php(226): include('/var/www/html/app/Views/add_book.php')
 3 SYSTEMPATH/View/View.php(229): CodeIgniter\View\View->CodeIgniter\View\{closure}()
 4 SYSTEMPATH/Common.php(1167): CodeIgniter\View\View->render('add_book', [], true)
 5 APPPATH/Controllers/Book.php(16): view('add_book')
 6 SYSTEMPATH/CodeIgniter.php(933): App\Controllers\Book->add()
 7 SYSTEMPATH/CodeIgniter.php(507): CodeIgniter\CodeIgniter->runController(Object(App\Controllers\Book))
 8 SYSTEMPATH/CodeIgniter.php(354): CodeIgniter\CodeIgniter->handleRequest(null, Object(Config\Cache), false)
 9 SYSTEMPATH/Boot.php(363): CodeIgniter\CodeIgniter->run()
10 SYSTEMPATH/Boot.php(68): CodeIgniter\Boot::runCodeIgniter(Object(CodeIgniter\CodeIgniter))
11 FCPATH/index.php(59): CodeIgniter\Boot::bootWeb(Object(Config\Paths))
CRITICAL - 2025-09-01 02:30:54 --> ErrorException: Undefined variable $book
[Method: GET, Route: Book/add]
in APPPATH/Views/add_book.php on line 3.
 1 APPPATH/Views/add_book.php(3): CodeIgniter\Debug\Exceptions->errorHandler(2, 'Undefined variable $book', '/var/www/html/app/Views/add_book.php', 3)
 2 SYSTEMPATH/View/View.php(226): include('/var/www/html/app/Views/add_book.php')
 3 SYSTEMPATH/View/View.php(229): CodeIgniter\View\View->CodeIgniter\View\{closure}()
 4 SYSTEMPATH/Common.php(1167): CodeIgniter\View\View->render('add_book', [], true)
 5 APPPATH/Controllers/Book.php(16): view('add_book')
 6 SYSTEMPATH/CodeIgniter.php(933): App\Controllers\Book->add()
 7 SYSTEMPATH/CodeIgniter.php(507): CodeIgniter\CodeIgniter->runController(Object(App\Controllers\Book))
 8 SYSTEMPATH/CodeIgniter.php(354): CodeIgniter\CodeIgniter->handleRequest(null, Object(Config\Cache), false)
 9 SYSTEMPATH/Boot.php(363): CodeIgniter\CodeIgniter->run()
10 SYSTEMPATH/Boot.php(68): CodeIgniter\Boot::runCodeIgniter(Object(CodeIgniter\CodeIgniter))
11 FCPATH/index.php(59): CodeIgniter\Boot::bootWeb(Object(Config\Paths))
CRITICAL - 2025-09-01 02:31:09 --> ErrorException: Undefined variable $book
[Method: GET, Route: Book/add]
in APPPATH/Views/add_book.php on line 3.
 1 APPPATH/Views/add_book.php(3): CodeIgniter\Debug\Exceptions->errorHandler(2, 'Undefined variable $book', '/var/www/html/app/Views/add_book.php', 3)
 2 SYSTEMPATH/View/View.php(226): include('/var/www/html/app/Views/add_book.php')
 3 SYSTEMPATH/View/View.php(229): CodeIgniter\View\View->CodeIgniter\View\{closure}()
 4 SYSTEMPATH/Common.php(1167): CodeIgniter\View\View->render('add_book', [], true)
 5 APPPATH/Controllers/Book.php(16): view('add_book')
 6 SYSTEMPATH/CodeIgniter.php(933): App\Controllers\Book->add()
 7 SYSTEMPATH/CodeIgniter.php(507): CodeIgniter\CodeIgniter->runController(Object(App\Controllers\Book))
 8 SYSTEMPATH/CodeIgniter.php(354): CodeIgniter\CodeIgniter->handleRequest(null, Object(Config\Cache), false)
 9 SYSTEMPATH/Boot.php(363): CodeIgniter\CodeIgniter->run()
10 SYSTEMPATH/Boot.php(68): CodeIgniter\Boot::runCodeIgniter(Object(CodeIgniter\CodeIgniter))
11 FCPATH/index.php(59): CodeIgniter\Boot::bootWeb(Object(Config\Paths))
CRITICAL - 2025-09-01 02:31:37 --> ErrorException: Undefined variable $book
[Method: GET, Route: Book/add]
in APPPATH/Views/add_book.php on line 3.
 1 APPPATH/Views/add_book.php(3): CodeIgniter\Debug\Exceptions->errorHandler(2, 'Undefined variable $book', '/var/www/html/app/Views/add_book.php', 3)
 2 SYSTEMPATH/View/View.php(226): include('/var/www/html/app/Views/add_book.php')
 3 SYSTEMPATH/View/View.php(229): CodeIgniter\View\View->CodeIgniter\View\{closure}()
 4 SYSTEMPATH/Common.php(1167): CodeIgniter\View\View->render('add_book', [], true)
 5 APPPATH/Controllers/Book.php(16): view('add_book')
 6 SYSTEMPATH/CodeIgniter.php(933): App\Controllers\Book->add()
 7 SYSTEMPATH/CodeIgniter.php(507): CodeIgniter\CodeIgniter->runController(Object(App\Controllers\Book))
 8 SYSTEMPATH/CodeIgniter.php(354): CodeIgniter\CodeIgniter->handleRequest(null, Object(Config\Cache), false)
 9 SYSTEMPATH/Boot.php(363): CodeIgniter\CodeIgniter->run()
10 SYSTEMPATH/Boot.php(68): CodeIgniter\Boot::runCodeIgniter(Object(CodeIgniter\CodeIgniter))
11 FCPATH/index.php(59): CodeIgniter\Boot::bootWeb(Object(Config\Paths))
CRITICAL - 2025-09-01 02:43:56 --> Error: Cannot call constructor
[Method: GET, Route: Book/view]
in APPPATH/Controllers/Book.php on line 8.
 1 SYSTEMPATH/CodeIgniter.php(903): App\Controllers\Book->__construct()
 2 SYSTEMPATH/CodeIgniter.php(498): CodeIgniter\CodeIgniter->createController()
 3 SYSTEMPATH/CodeIgniter.php(354): CodeIgniter\CodeIgniter->handleRequest(null, Object(Config\Cache), false)
 4 SYSTEMPATH/Boot.php(363): CodeIgniter\CodeIgniter->run()
 5 SYSTEMPATH/Boot.php(68): CodeIgniter\Boot::runCodeIgniter(Object(CodeIgniter\CodeIgniter))
 6 FCPATH/index.php(59): CodeIgniter\Boot::bootWeb(Object(Config\Paths))
CRITICAL - 2025-09-01 02:44:20 --> Error: Cannot call constructor
[Method: GET, Route: Book/view]
in APPPATH/Controllers/Book.php on line 8.
 1 SYSTEMPATH/CodeIgniter.php(903): App\Controllers\Book->__construct()
 2 SYSTEMPATH/CodeIgniter.php(498): CodeIgniter\CodeIgniter->createController()
 3 SYSTEMPATH/CodeIgniter.php(354): CodeIgniter\CodeIgniter->handleRequest(null, Object(Config\Cache), false)
 4 SYSTEMPATH/Boot.php(363): CodeIgniter\CodeIgniter->run()
 5 SYSTEMPATH/Boot.php(68): CodeIgniter\Boot::runCodeIgniter(Object(CodeIgniter\CodeIgniter))
 6 FCPATH/index.php(59): CodeIgniter\Boot::bootWeb(Object(Config\Paths))
CRITICAL - 2025-09-01 02:44:29 --> Error: Cannot call constructor
[Method: GET, Route: Book/view]
in APPPATH/Controllers/Book.php on line 8.
 1 SYSTEMPATH/CodeIgniter.php(903): App\Controllers\Book->__construct()
 2 SYSTEMPATH/CodeIgniter.php(498): CodeIgniter\CodeIgniter->createController()
 3 SYSTEMPATH/CodeIgniter.php(354): CodeIgniter\CodeIgniter->handleRequest(null, Object(Config\Cache), false)
 4 SYSTEMPATH/Boot.php(363): CodeIgniter\CodeIgniter->run()
 5 SYSTEMPATH/Boot.php(68): CodeIgniter\Boot::runCodeIgniter(Object(CodeIgniter\CodeIgniter))
 6 FCPATH/index.php(59): CodeIgniter\Boot::bootWeb(Object(Config\Paths))
CRITICAL - 2025-09-01 02:44:42 --> Error: Cannot call constructor
[Method: GET, Route: Book/view]
in APPPATH/Controllers/Book.php on line 8.
 1 SYSTEMPATH/CodeIgniter.php(903): App\Controllers\Book->__construct()
 2 SYSTEMPATH/CodeIgniter.php(498): CodeIgniter\CodeIgniter->createController()
 3 SYSTEMPATH/CodeIgniter.php(354): CodeIgniter\CodeIgniter->handleRequest(null, Object(Config\Cache), false)
 4 SYSTEMPATH/Boot.php(363): CodeIgniter\CodeIgniter->run()
 5 SYSTEMPATH/Boot.php(68): CodeIgniter\Boot::runCodeIgniter(Object(CodeIgniter\CodeIgniter))
 6 FCPATH/index.php(59): CodeIgniter\Boot::bootWeb(Object(Config\Paths))
CRITICAL - 2025-09-01 02:44:50 --> Error: Cannot call constructor
[Method: GET, Route: Book/add]
in APPPATH/Controllers/Book.php on line 8.
 1 SYSTEMPATH/CodeIgniter.php(903): App\Controllers\Book->__construct()
 2 SYSTEMPATH/CodeIgniter.php(498): CodeIgniter\CodeIgniter->createController()
 3 SYSTEMPATH/CodeIgniter.php(354): CodeIgniter\CodeIgniter->handleRequest(null, Object(Config\Cache), false)
 4 SYSTEMPATH/Boot.php(363): CodeIgniter\CodeIgniter->run()
 5 SYSTEMPATH/Boot.php(68): CodeIgniter\Boot::runCodeIgniter(Object(CodeIgniter\CodeIgniter))
 6 FCPATH/index.php(59): CodeIgniter\Boot::bootWeb(Object(Config\Paths))
CRITICAL - 2025-09-01 02:45:26 --> Error: Cannot call constructor
[Method: GET, Route: Book/add]
in APPPATH/Controllers/Book.php on line 8.
 1 SYSTEMPATH/CodeIgniter.php(903): App\Controllers\Book->__construct()
 2 SYSTEMPATH/CodeIgniter.php(498): CodeIgniter\CodeIgniter->createController()
 3 SYSTEMPATH/CodeIgniter.php(354): CodeIgniter\CodeIgniter->handleRequest(null, Object(Config\Cache), false)
 4 SYSTEMPATH/Boot.php(363): CodeIgniter\CodeIgniter->run()
 5 SYSTEMPATH/Boot.php(68): CodeIgniter\Boot::runCodeIgniter(Object(CodeIgniter\CodeIgniter))
 6 FCPATH/index.php(59): CodeIgniter\Boot::bootWeb(Object(Config\Paths))
CRITICAL - 2025-09-01 02:46:15 --> Error: Cannot call constructor
[Method: GET, Route: Book/add]
in APPPATH/Controllers/Book.php on line 8.
 1 SYSTEMPATH/CodeIgniter.php(903): App\Controllers\Book->__construct()
 2 SYSTEMPATH/CodeIgniter.php(498): CodeIgniter\CodeIgniter->createController()
 3 SYSTEMPATH/CodeIgniter.php(354): CodeIgniter\CodeIgniter->handleRequest(null, Object(Config\Cache), false)
 4 SYSTEMPATH/Boot.php(363): CodeIgniter\CodeIgniter->run()
 5 SYSTEMPATH/Boot.php(68): CodeIgniter\Boot::runCodeIgniter(Object(CodeIgniter\CodeIgniter))
 6 FCPATH/index.php(59): CodeIgniter\Boot::bootWeb(Object(Config\Paths))
CRITICAL - 2025-09-01 02:46:22 --> Error: Cannot call constructor
[Method: GET, Route: Book/add]
in APPPATH/Controllers/Book.php on line 8.
 1 SYSTEMPATH/CodeIgniter.php(903): App\Controllers\Book->__construct()
 2 SYSTEMPATH/CodeIgniter.php(498): CodeIgniter\CodeIgniter->createController()
 3 SYSTEMPATH/CodeIgniter.php(354): CodeIgniter\CodeIgniter->handleRequest(null, Object(Config\Cache), false)
 4 SYSTEMPATH/Boot.php(363): CodeIgniter\CodeIgniter->run()
 5 SYSTEMPATH/Boot.php(68): CodeIgniter\Boot::runCodeIgniter(Object(CodeIgniter\CodeIgniter))
 6 FCPATH/index.php(59): CodeIgniter\Boot::bootWeb(Object(Config\Paths))
CRITICAL - 2025-09-01 02:47:18 --> Error: Cannot call constructor
[Method: GET, Route: Book/add]
in APPPATH/Controllers/Book.php on line 8.
 1 SYSTEMPATH/CodeIgniter.php(903): App\Controllers\Book->__construct()
 2 SYSTEMPATH/CodeIgniter.php(498): CodeIgniter\CodeIgniter->createController()
 3 SYSTEMPATH/CodeIgniter.php(354): CodeIgniter\CodeIgniter->handleRequest(null, Object(Config\Cache), false)
 4 SYSTEMPATH/Boot.php(363): CodeIgniter\CodeIgniter->run()
 5 SYSTEMPATH/Boot.php(68): CodeIgniter\Boot::runCodeIgniter(Object(CodeIgniter\CodeIgniter))
 6 FCPATH/index.php(59): CodeIgniter\Boot::bootWeb(Object(Config\Paths))
CRITICAL - 2025-09-01 02:52:34 --> Error: Cannot call constructor
[Method: GET, Route: Book/add]
in APPPATH/Controllers/Book.php on line 12.
 1 SYSTEMPATH/CodeIgniter.php(903): App\Controllers\Book->__construct()
 2 SYSTEMPATH/CodeIgniter.php(498): CodeIgniter\CodeIgniter->createController()
 3 SYSTEMPATH/CodeIgniter.php(354): CodeIgniter\CodeIgniter->handleRequest(null, Object(Config\Cache), false)
 4 SYSTEMPATH/Boot.php(363): CodeIgniter\CodeIgniter->run()
 5 SYSTEMPATH/Boot.php(68): CodeIgniter\Boot::runCodeIgniter(Object(CodeIgniter\CodeIgniter))
 6 FCPATH/index.php(59): CodeIgniter\Boot::bootWeb(Object(Config\Paths))
CRITICAL - 2025-09-01 02:54:40 --> ErrorException: Undefined variable $books
[Method: GET, Route: Book/view]
in APPPATH/Views/view_book.php on line 6.
 1 APPPATH/Views/view_book.php(6): CodeIgniter\Debug\Exceptions->errorHandler(2, 'Undefined variable $books', '/var/www/html/app/Views/view_book.php', 6)
 2 SYSTEMPATH/View/View.php(226): include('/var/www/html/app/Views/view_book.php')
 3 SYSTEMPATH/View/View.php(229): CodeIgniter\View\View->CodeIgniter\View\{closure}()
 4 SYSTEMPATH/Common.php(1167): CodeIgniter\View\View->render('view_book', [], true)
 5 APPPATH/Controllers/Book.php(46): view('view_book')
 6 SYSTEMPATH/CodeIgniter.php(933): App\Controllers\Book->view()
 7 SYSTEMPATH/CodeIgniter.php(507): CodeIgniter\CodeIgniter->runController(Object(App\Controllers\Book))
 8 SYSTEMPATH/CodeIgniter.php(354): CodeIgniter\CodeIgniter->handleRequest(null, Object(Config\Cache), false)
 9 SYSTEMPATH/Boot.php(363): CodeIgniter\CodeIgniter->run()
10 SYSTEMPATH/Boot.php(68): CodeIgniter\Boot::runCodeIgniter(Object(CodeIgniter\CodeIgniter))
11 FCPATH/index.php(59): CodeIgniter\Boot::bootWeb(Object(Config\Paths))
CRITICAL - 2025-09-01 02:56:53 --> Error: Class "CI_Model" not found
[Method: GET, Route: Book/view]
in APPPATH/Models/BookModel.php on line 2.
 1 SYSTEMPATH/Autoloader/Autoloader.php(315): include_once()
 2 SYSTEMPATH/Autoloader/Autoloader.php(295): CodeIgniter\Autoloader\Autoloader->includeFile('/var/www/html/app/Models/BookModel.php')
 3 SYSTEMPATH/Autoloader/Autoloader.php(271): CodeIgniter\Autoloader\Autoloader->loadInNamespace('App\\Models\\BookModel')
 4 [internal function]: CodeIgniter\Autoloader\Autoloader->loadClass('App\\Models\\BookModel')
 5 SYSTEMPATH/Config/Factories.php(291): class_exists('App\\Models\\BookModel')
 6 SYSTEMPATH/Config/Factories.php(217): CodeIgniter\Config\Factories::locateClass([...], 'BookModel')
 7 SYSTEMPATH/Config/Factories.php(160): CodeIgniter\Config\Factories::getDefinedInstance([...], 'BookModel', [...])
 8 SYSTEMPATH/Common.php(801): CodeIgniter\Config\Factories::__callStatic('models', [...])
 9 APPPATH/Controllers/Book.php(44): model('BookModel')
10 SYSTEMPATH/CodeIgniter.php(933): App\Controllers\Book->view()
11 SYSTEMPATH/CodeIgniter.php(507): CodeIgniter\CodeIgniter->runController(Object(App\Controllers\Book))
12 SYSTEMPATH/CodeIgniter.php(354): CodeIgniter\CodeIgniter->handleRequest(null, Object(Config\Cache), false)
13 SYSTEMPATH/Boot.php(363): CodeIgniter\CodeIgniter->run()
14 SYSTEMPATH/Boot.php(68): CodeIgniter\Boot::runCodeIgniter(Object(CodeIgniter\CodeIgniter))
15 FCPATH/index.php(59): CodeIgniter\Boot::bootWeb(Object(Config\Paths))
CRITICAL - 2025-09-01 02:57:29 --> Error: Class "CI_Model" not found
[Method: GET, Route: Book/view]
in APPPATH/Models/BookModel.php on line 2.
 1 SYSTEMPATH/Autoloader/Autoloader.php(315): include_once()
 2 SYSTEMPATH/Autoloader/Autoloader.php(295): CodeIgniter\Autoloader\Autoloader->includeFile('/var/www/html/app/Models/BookModel.php')
 3 SYSTEMPATH/Autoloader/Autoloader.php(271): CodeIgniter\Autoloader\Autoloader->loadInNamespace('App\\Models\\BookModel')
 4 [internal function]: CodeIgniter\Autoloader\Autoloader->loadClass('App\\Models\\BookModel')
 5 SYSTEMPATH/Config/Factories.php(291): class_exists('App\\Models\\BookModel')
 6 SYSTEMPATH/Config/Factories.php(217): CodeIgniter\Config\Factories::locateClass([...], 'BookModel')
 7 SYSTEMPATH/Config/Factories.php(160): CodeIgniter\Config\Factories::getDefinedInstance([...], 'BookModel', [...])
 8 SYSTEMPATH/Common.php(801): CodeIgniter\Config\Factories::__callStatic('models', [...])
 9 APPPATH/Controllers/Book.php(44): model('BookModel')
10 SYSTEMPATH/CodeIgniter.php(933): App\Controllers\Book->view()
11 SYSTEMPATH/CodeIgniter.php(507): CodeIgniter\CodeIgniter->runController(Object(App\Controllers\Book))
12 SYSTEMPATH/CodeIgniter.php(354): CodeIgniter\CodeIgniter->handleRequest(null, Object(Config\Cache), false)
13 SYSTEMPATH/Boot.php(363): CodeIgniter\CodeIgniter->run()
14 SYSTEMPATH/Boot.php(68): CodeIgniter\Boot::runCodeIgniter(Object(CodeIgniter\CodeIgniter))
15 FCPATH/index.php(59): CodeIgniter\Boot::bootWeb(Object(Config\Paths))
CRITICAL - 2025-09-01 02:58:12 --> Error: Class "BaseController" not found
[Method: GET, Route: Book/view]
in APPPATH/Models/BookModel.php on line 2.
 1 SYSTEMPATH/Autoloader/Autoloader.php(315): include_once()
 2 SYSTEMPATH/Autoloader/Autoloader.php(295): CodeIgniter\Autoloader\Autoloader->includeFile('/var/www/html/app/Models/BookModel.php')
 3 SYSTEMPATH/Autoloader/Autoloader.php(271): CodeIgniter\Autoloader\Autoloader->loadInNamespace('App\\Models\\BookModel')
 4 [internal function]: CodeIgniter\Autoloader\Autoloader->loadClass('App\\Models\\BookModel')
 5 SYSTEMPATH/Config/Factories.php(291): class_exists('App\\Models\\BookModel')
 6 SYSTEMPATH/Config/Factories.php(217): CodeIgniter\Config\Factories::locateClass([...], 'BookModel')
 7 SYSTEMPATH/Config/Factories.php(160): CodeIgniter\Config\Factories::getDefinedInstance([...], 'BookModel', [...])
 8 SYSTEMPATH/Common.php(801): CodeIgniter\Config\Factories::__callStatic('models', [...])
 9 APPPATH/Controllers/Book.php(44): model('BookModel')
10 SYSTEMPATH/CodeIgniter.php(933): App\Controllers\Book->view()
11 SYSTEMPATH/CodeIgniter.php(507): CodeIgniter\CodeIgniter->runController(Object(App\Controllers\Book))
12 SYSTEMPATH/CodeIgniter.php(354): CodeIgniter\CodeIgniter->handleRequest(null, Object(Config\Cache), false)
13 SYSTEMPATH/Boot.php(363): CodeIgniter\CodeIgniter->run()
14 SYSTEMPATH/Boot.php(68): CodeIgniter\Boot::runCodeIgniter(Object(CodeIgniter\CodeIgniter))
15 FCPATH/index.php(59): CodeIgniter\Boot::bootWeb(Object(Config\Paths))
ERROR - 2025-09-01 02:59:54 --> Error connecting to the database: mysqli_sql_exception: No such file or directory in /var/www/html/vendor/codeigniter4/framework/system/Database/MySQLi/Connection.php:201
Stack trace:
#0 /var/www/html/vendor/codeigniter4/framework/system/Database/MySQLi/Connection.php(201): mysqli->real_connect('localhost', '', Object(SensitiveParameterValue), '', 3306, '', 0)
#1 /var/www/html/vendor/codeigniter4/framework/system/Database/BaseConnection.php(419): CodeIgniter\Database\MySQLi\Connection->connect(false)
#2 /var/www/html/vendor/codeigniter4/framework/system/Database/BaseConnection.php(614): CodeIgniter\Database\BaseConnection->initialize()
#3 /var/www/html/vendor/codeigniter4/framework/system/Database/BaseBuilder.php(1649): CodeIgniter\Database\BaseConnection->query('SELECT *\nFROM `...', Array, false)
#4 /var/www/html/vendor/codeigniter4/framework/system/Model.php(286): CodeIgniter\Database\BaseBuilder->get()
#5 /var/www/html/vendor/codeigniter4/framework/system/BaseModel.php(677): CodeIgniter\Model->doFindAll(0, 0)
#6 /var/www/html/app/Models/BookModel.php(17): CodeIgniter\BaseModel->findAll()
#7 /var/www/html/app/Controllers/Book.php(45): App\Models\BookModel->get_all_books()
#8 /var/www/html/vendor/codeigniter4/framework/system/CodeIgniter.php(933): App\Controllers\Book->view()
#9 /var/www/html/vendor/codeigniter4/framework/system/CodeIgniter.php(507): CodeIgniter\CodeIgniter->runController(Object(App\Controllers\Book))
#10 /var/www/html/vendor/codeigniter4/framework/system/CodeIgniter.php(354): CodeIgniter\CodeIgniter->handleRequest(NULL, Object(Config\Cache), false)
#11 /var/www/html/vendor/codeigniter4/framework/system/Boot.php(363): CodeIgniter\CodeIgniter->run()
#12 /var/www/html/vendor/codeigniter4/framework/system/Boot.php(68): CodeIgniter\Boot::runCodeIgniter(Object(CodeIgniter\CodeIgniter))
#13 /var/www/html/public/index.php(59): CodeIgniter\Boot::bootWeb(Object(Config\Paths))
#14 {main}

Next CodeIgniter\Database\Exceptions\DatabaseException: No such file or directory in /var/www/html/vendor/codeigniter4/framework/system/Database/MySQLi/Connection.php:246
Stack trace:
#0 /var/www/html/vendor/codeigniter4/framework/system/Database/BaseConnection.php(419): CodeIgniter\Database\MySQLi\Connection->connect(false)
#1 /var/www/html/vendor/codeigniter4/framework/system/Database/BaseConnection.php(614): CodeIgniter\Database\BaseConnection->initialize()
#2 /var/www/html/vendor/codeigniter4/framework/system/Database/BaseBuilder.php(1649): CodeIgniter\Database\BaseConnection->query('SELECT *\nFROM `...', Array, false)
#3 /var/www/html/vendor/codeigniter4/framework/system/Model.php(286): CodeIgniter\Database\BaseBuilder->get()
#4 /var/www/html/vendor/codeigniter4/framework/system/BaseModel.php(677): CodeIgniter\Model->doFindAll(0, 0)
#5 /var/www/html/app/Models/BookModel.php(17): CodeIgniter\BaseModel->findAll()
#6 /var/www/html/app/Controllers/Book.php(45): App\Models\BookModel->get_all_books()
#7 /var/www/html/vendor/codeigniter4/framework/system/CodeIgniter.php(933): App\Controllers\Book->view()
#8 /var/www/html/vendor/codeigniter4/framework/system/CodeIgniter.php(507): CodeIgniter\CodeIgniter->runController(Object(App\Controllers\Book))
#9 /var/www/html/vendor/codeigniter4/framework/system/CodeIgniter.php(354): CodeIgniter\CodeIgniter->handleRequest(NULL, Object(Config\Cache), false)
#10 /var/www/html/vendor/codeigniter4/framework/system/Boot.php(363): CodeIgniter\CodeIgniter->run()
#11 /var/www/html/vendor/codeigniter4/framework/system/Boot.php(68): CodeIgniter\Boot::runCodeIgniter(Object(CodeIgniter\CodeIgniter))
#12 /var/www/html/public/index.php(59): CodeIgniter\Boot::bootWeb(Object(Config\Paths))
#13 {main}
CRITICAL - 2025-09-01 02:59:55 --> CodeIgniter\Database\Exceptions\DatabaseException: Unable to connect to the database.
Main connection [MySQLi]: No such file or directory
[Method: GET, Route: Book/view]
in SYSTEMPATH/Database/BaseConnection.php on line 465.
 1 SYSTEMPATH/Database/BaseConnection.php(614): CodeIgniter\Database\BaseConnection->initialize()
 2 SYSTEMPATH/Database/BaseBuilder.php(1649): CodeIgniter\Database\BaseConnection->query('SELECT *
FROM `books`', [], false)
 3 SYSTEMPATH/Model.php(286): CodeIgniter\Database\BaseBuilder->get()
 4 SYSTEMPATH/BaseModel.php(677): CodeIgniter\Model->doFindAll(0, 0)
 5 APPPATH/Models/BookModel.php(17): CodeIgniter\BaseModel->findAll()
 6 APPPATH/Controllers/Book.php(45): App\Models\BookModel->get_all_books()
 7 SYSTEMPATH/CodeIgniter.php(933): App\Controllers\Book->view()
 8 SYSTEMPATH/CodeIgniter.php(507): CodeIgniter\CodeIgniter->runController(Object(App\Controllers\Book))
 9 SYSTEMPATH/CodeIgniter.php(354): CodeIgniter\CodeIgniter->handleRequest(null, Object(Config\Cache), false)
10 SYSTEMPATH/Boot.php(363): CodeIgniter\CodeIgniter->run()
11 SYSTEMPATH/Boot.php(68): CodeIgniter\Boot::runCodeIgniter(Object(CodeIgniter\CodeIgniter))
12 FCPATH/index.php(59): CodeIgniter\Boot::bootWeb(Object(Config\Paths))
ERROR - 2025-09-01 03:03:52 --> Error connecting to the database: mysqli_sql_exception: No such file or directory in /var/www/html/vendor/codeigniter4/framework/system/Database/MySQLi/Connection.php:201
Stack trace:
#0 /var/www/html/vendor/codeigniter4/framework/system/Database/MySQLi/Connection.php(201): mysqli->real_connect('localhost', 'root', Object(SensitiveParameterValue), 'flowers', 3306, '', 0)
#1 /var/www/html/vendor/codeigniter4/framework/system/Database/BaseConnection.php(419): CodeIgniter\Database\MySQLi\Connection->connect(false)
#2 /var/www/html/vendor/codeigniter4/framework/system/Database/BaseConnection.php(614): CodeIgniter\Database\BaseConnection->initialize()
#3 /var/www/html/vendor/codeigniter4/framework/system/Database/BaseBuilder.php(1649): CodeIgniter\Database\BaseConnection->query('SELECT *\nFROM `...', Array, false)
#4 /var/www/html/vendor/codeigniter4/framework/system/Model.php(286): CodeIgniter\Database\BaseBuilder->get()
#5 /var/www/html/vendor/codeigniter4/framework/system/BaseModel.php(677): CodeIgniter\Model->doFindAll(0, 0)
#6 /var/www/html/app/Models/BookModel.php(17): CodeIgniter\BaseModel->findAll()
#7 /var/www/html/app/Controllers/Book.php(45): App\Models\BookModel->get_all_books()
#8 /var/www/html/vendor/codeigniter4/framework/system/CodeIgniter.php(933): App\Controllers\Book->view()
#9 /var/www/html/vendor/codeigniter4/framework/system/CodeIgniter.php(507): CodeIgniter\CodeIgniter->runController(Object(App\Controllers\Book))
#10 /var/www/html/vendor/codeigniter4/framework/system/CodeIgniter.php(354): CodeIgniter\CodeIgniter->handleRequest(NULL, Object(Config\Cache), false)
#11 /var/www/html/vendor/codeigniter4/framework/system/Boot.php(363): CodeIgniter\CodeIgniter->run()
#12 /var/www/html/vendor/codeigniter4/framework/system/Boot.php(68): CodeIgniter\Boot::runCodeIgniter(Object(CodeIgniter\CodeIgniter))
#13 /var/www/html/public/index.php(59): CodeIgniter\Boot::bootWeb(Object(Config\Paths))
#14 {main}

Next CodeIgniter\Database\Exceptions\DatabaseException: No such file or directory in /var/www/html/vendor/codeigniter4/framework/system/Database/MySQLi/Connection.php:246
Stack trace:
#0 /var/www/html/vendor/codeigniter4/framework/system/Database/BaseConnection.php(419): CodeIgniter\Database\MySQLi\Connection->connect(false)
#1 /var/www/html/vendor/codeigniter4/framework/system/Database/BaseConnection.php(614): CodeIgniter\Database\BaseConnection->initialize()
#2 /var/www/html/vendor/codeigniter4/framework/system/Database/BaseBuilder.php(1649): CodeIgniter\Database\BaseConnection->query('SELECT *\nFROM `...', Array, false)
#3 /var/www/html/vendor/codeigniter4/framework/system/Model.php(286): CodeIgniter\Database\BaseBuilder->get()
#4 /var/www/html/vendor/codeigniter4/framework/system/BaseModel.php(677): CodeIgniter\Model->doFindAll(0, 0)
#5 /var/www/html/app/Models/BookModel.php(17): CodeIgniter\BaseModel->findAll()
#6 /var/www/html/app/Controllers/Book.php(45): App\Models\BookModel->get_all_books()
#7 /var/www/html/vendor/codeigniter4/framework/system/CodeIgniter.php(933): App\Controllers\Book->view()
#8 /var/www/html/vendor/codeigniter4/framework/system/CodeIgniter.php(507): CodeIgniter\CodeIgniter->runController(Object(App\Controllers\Book))
#9 /var/www/html/vendor/codeigniter4/framework/system/CodeIgniter.php(354): CodeIgniter\CodeIgniter->handleRequest(NULL, Object(Config\Cache), false)
#10 /var/www/html/vendor/codeigniter4/framework/system/Boot.php(363): CodeIgniter\CodeIgniter->run()
#11 /var/www/html/vendor/codeigniter4/framework/system/Boot.php(68): CodeIgniter\Boot::runCodeIgniter(Object(CodeIgniter\CodeIgniter))
#12 /var/www/html/public/index.php(59): CodeIgniter\Boot::bootWeb(Object(Config\Paths))
#13 {main}
CRITICAL - 2025-09-01 03:03:52 --> CodeIgniter\Database\Exceptions\DatabaseException: Unable to connect to the database.
Main connection [MySQLi]: No such file or directory
[Method: GET, Route: Book/view]
in SYSTEMPATH/Database/BaseConnection.php on line 465.
 1 SYSTEMPATH/Database/BaseConnection.php(614): CodeIgniter\Database\BaseConnection->initialize()
 2 SYSTEMPATH/Database/BaseBuilder.php(1649): CodeIgniter\Database\BaseConnection->query('SELECT *
FROM `books`', [], false)
 3 SYSTEMPATH/Model.php(286): CodeIgniter\Database\BaseBuilder->get()
 4 SYSTEMPATH/BaseModel.php(677): CodeIgniter\Model->doFindAll(0, 0)
 5 APPPATH/Models/BookModel.php(17): CodeIgniter\BaseModel->findAll()
 6 APPPATH/Controllers/Book.php(45): App\Models\BookModel->get_all_books()
 7 SYSTEMPATH/CodeIgniter.php(933): App\Controllers\Book->view()
 8 SYSTEMPATH/CodeIgniter.php(507): CodeIgniter\CodeIgniter->runController(Object(App\Controllers\Book))
 9 SYSTEMPATH/CodeIgniter.php(354): CodeIgniter\CodeIgniter->handleRequest(null, Object(Config\Cache), false)
10 SYSTEMPATH/Boot.php(363): CodeIgniter\CodeIgniter->run()
11 SYSTEMPATH/Boot.php(68): CodeIgniter\Boot::runCodeIgniter(Object(CodeIgniter\CodeIgniter))
12 FCPATH/index.php(59): CodeIgniter\Boot::bootWeb(Object(Config\Paths))
ERROR - 2025-09-01 03:07:33 --> Error connecting to the database: mysqli_sql_exception: No such file or directory in /var/www/html/vendor/codeigniter4/framework/system/Database/MySQLi/Connection.php:201
Stack trace:
#0 /var/www/html/vendor/codeigniter4/framework/system/Database/MySQLi/Connection.php(201): mysqli->real_connect('localhost', 'root', Object(SensitiveParameterValue), 'flowers', 3306, '', 0)
#1 /var/www/html/vendor/codeigniter4/framework/system/Database/BaseConnection.php(419): CodeIgniter\Database\MySQLi\Connection->connect(false)
#2 /var/www/html/vendor/codeigniter4/framework/system/Database/BaseConnection.php(614): CodeIgniter\Database\BaseConnection->initialize()
#3 /var/www/html/vendor/codeigniter4/framework/system/Database/BaseBuilder.php(1649): CodeIgniter\Database\BaseConnection->query('SELECT *\nFROM `...', Array, false)
#4 /var/www/html/vendor/codeigniter4/framework/system/Model.php(286): CodeIgniter\Database\BaseBuilder->get()
#5 /var/www/html/vendor/codeigniter4/framework/system/BaseModel.php(677): CodeIgniter\Model->doFindAll(0, 0)
#6 /var/www/html/app/Models/BookModel.php(17): CodeIgniter\BaseModel->findAll()
#7 /var/www/html/app/Controllers/Book.php(45): App\Models\BookModel->get_all_books()
#8 /var/www/html/vendor/codeigniter4/framework/system/CodeIgniter.php(933): App\Controllers\Book->view()
#9 /var/www/html/vendor/codeigniter4/framework/system/CodeIgniter.php(507): CodeIgniter\CodeIgniter->runController(Object(App\Controllers\Book))
#10 /var/www/html/vendor/codeigniter4/framework/system/CodeIgniter.php(354): CodeIgniter\CodeIgniter->handleRequest(NULL, Object(Config\Cache), false)
#11 /var/www/html/vendor/codeigniter4/framework/system/Boot.php(363): CodeIgniter\CodeIgniter->run()
#12 /var/www/html/vendor/codeigniter4/framework/system/Boot.php(68): CodeIgniter\Boot::runCodeIgniter(Object(CodeIgniter\CodeIgniter))
#13 /var/www/html/public/index.php(59): CodeIgniter\Boot::bootWeb(Object(Config\Paths))
#14 {main}

Next CodeIgniter\Database\Exceptions\DatabaseException: No such file or directory in /var/www/html/vendor/codeigniter4/framework/system/Database/MySQLi/Connection.php:246
Stack trace:
#0 /var/www/html/vendor/codeigniter4/framework/system/Database/BaseConnection.php(419): CodeIgniter\Database\MySQLi\Connection->connect(false)
#1 /var/www/html/vendor/codeigniter4/framework/system/Database/BaseConnection.php(614): CodeIgniter\Database\BaseConnection->initialize()
#2 /var/www/html/vendor/codeigniter4/framework/system/Database/BaseBuilder.php(1649): CodeIgniter\Database\BaseConnection->query('SELECT *\nFROM `...', Array, false)
#3 /var/www/html/vendor/codeigniter4/framework/system/Model.php(286): CodeIgniter\Database\BaseBuilder->get()
#4 /var/www/html/vendor/codeigniter4/framework/system/BaseModel.php(677): CodeIgniter\Model->doFindAll(0, 0)
#5 /var/www/html/app/Models/BookModel.php(17): CodeIgniter\BaseModel->findAll()
#6 /var/www/html/app/Controllers/Book.php(45): App\Models\BookModel->get_all_books()
#7 /var/www/html/vendor/codeigniter4/framework/system/CodeIgniter.php(933): App\Controllers\Book->view()
#8 /var/www/html/vendor/codeigniter4/framework/system/CodeIgniter.php(507): CodeIgniter\CodeIgniter->runController(Object(App\Controllers\Book))
#9 /var/www/html/vendor/codeigniter4/framework/system/CodeIgniter.php(354): CodeIgniter\CodeIgniter->handleRequest(NULL, Object(Config\Cache), false)
#10 /var/www/html/vendor/codeigniter4/framework/system/Boot.php(363): CodeIgniter\CodeIgniter->run()
#11 /var/www/html/vendor/codeigniter4/framework/system/Boot.php(68): CodeIgniter\Boot::runCodeIgniter(Object(CodeIgniter\CodeIgniter))
#12 /var/www/html/public/index.php(59): CodeIgniter\Boot::bootWeb(Object(Config\Paths))
#13 {main}
CRITICAL - 2025-09-01 03:07:33 --> CodeIgniter\Database\Exceptions\DatabaseException: Unable to connect to the database.
Main connection [MySQLi]: No such file or directory
[Method: GET, Route: Book/view]
in SYSTEMPATH/Database/BaseConnection.php on line 465.
 1 SYSTEMPATH/Database/BaseConnection.php(614): CodeIgniter\Database\BaseConnection->initialize()
 2 SYSTEMPATH/Database/BaseBuilder.php(1649): CodeIgniter\Database\BaseConnection->query('SELECT *
FROM `books`', [], false)
 3 SYSTEMPATH/Model.php(286): CodeIgniter\Database\BaseBuilder->get()
 4 SYSTEMPATH/BaseModel.php(677): CodeIgniter\Model->doFindAll(0, 0)
 5 APPPATH/Models/BookModel.php(17): CodeIgniter\BaseModel->findAll()
 6 APPPATH/Controllers/Book.php(45): App\Models\BookModel->get_all_books()
 7 SYSTEMPATH/CodeIgniter.php(933): App\Controllers\Book->view()
 8 SYSTEMPATH/CodeIgniter.php(507): CodeIgniter\CodeIgniter->runController(Object(App\Controllers\Book))
 9 SYSTEMPATH/CodeIgniter.php(354): CodeIgniter\CodeIgniter->handleRequest(null, Object(Config\Cache), false)
10 SYSTEMPATH/Boot.php(363): CodeIgniter\CodeIgniter->run()
11 SYSTEMPATH/Boot.php(68): CodeIgniter\Boot::runCodeIgniter(Object(CodeIgniter\CodeIgniter))
12 FCPATH/index.php(59): CodeIgniter\Boot::bootWeb(Object(Config\Paths))
ERROR - 2025-09-01 03:09:14 --> Error connecting to the database: mysqli_sql_exception: Connection refused in /var/www/html/vendor/codeigniter4/framework/system/Database/MySQLi/Connection.php:201
Stack trace:
#0 /var/www/html/vendor/codeigniter4/framework/system/Database/MySQLi/Connection.php(201): mysqli->real_connect('127.0.0.1', 'root', Object(SensitiveParameterValue), 'flowers', 3307, '', 0)
#1 /var/www/html/vendor/codeigniter4/framework/system/Database/BaseConnection.php(419): CodeIgniter\Database\MySQLi\Connection->connect(false)
#2 /var/www/html/vendor/codeigniter4/framework/system/Database/BaseConnection.php(614): CodeIgniter\Database\BaseConnection->initialize()
#3 /var/www/html/vendor/codeigniter4/framework/system/Database/BaseBuilder.php(1649): CodeIgniter\Database\BaseConnection->query('SELECT *\nFROM `...', Array, false)
#4 /var/www/html/vendor/codeigniter4/framework/system/Model.php(286): CodeIgniter\Database\BaseBuilder->get()
#5 /var/www/html/vendor/codeigniter4/framework/system/BaseModel.php(677): CodeIgniter\Model->doFindAll(0, 0)
#6 /var/www/html/app/Models/BookModel.php(17): CodeIgniter\BaseModel->findAll()
#7 /var/www/html/app/Controllers/Book.php(45): App\Models\BookModel->get_all_books()
#8 /var/www/html/vendor/codeigniter4/framework/system/CodeIgniter.php(933): App\Controllers\Book->view()
#9 /var/www/html/vendor/codeigniter4/framework/system/CodeIgniter.php(507): CodeIgniter\CodeIgniter->runController(Object(App\Controllers\Book))
#10 /var/www/html/vendor/codeigniter4/framework/system/CodeIgniter.php(354): CodeIgniter\CodeIgniter->handleRequest(NULL, Object(Config\Cache), false)
#11 /var/www/html/vendor/codeigniter4/framework/system/Boot.php(363): CodeIgniter\CodeIgniter->run()
#12 /var/www/html/vendor/codeigniter4/framework/system/Boot.php(68): CodeIgniter\Boot::runCodeIgniter(Object(CodeIgniter\CodeIgniter))
#13 /var/www/html/public/index.php(59): CodeIgniter\Boot::bootWeb(Object(Config\Paths))
#14 {main}

Next CodeIgniter\Database\Exceptions\DatabaseException: Connection refused in /var/www/html/vendor/codeigniter4/framework/system/Database/MySQLi/Connection.php:246
Stack trace:
#0 /var/www/html/vendor/codeigniter4/framework/system/Database/BaseConnection.php(419): CodeIgniter\Database\MySQLi\Connection->connect(false)
#1 /var/www/html/vendor/codeigniter4/framework/system/Database/BaseConnection.php(614): CodeIgniter\Database\BaseConnection->initialize()
#2 /var/www/html/vendor/codeigniter4/framework/system/Database/BaseBuilder.php(1649): CodeIgniter\Database\BaseConnection->query('SELECT *\nFROM `...', Array, false)
#3 /var/www/html/vendor/codeigniter4/framework/system/Model.php(286): CodeIgniter\Database\BaseBuilder->get()
#4 /var/www/html/vendor/codeigniter4/framework/system/BaseModel.php(677): CodeIgniter\Model->doFindAll(0, 0)
#5 /var/www/html/app/Models/BookModel.php(17): CodeIgniter\BaseModel->findAll()
#6 /var/www/html/app/Controllers/Book.php(45): App\Models\BookModel->get_all_books()
#7 /var/www/html/vendor/codeigniter4/framework/system/CodeIgniter.php(933): App\Controllers\Book->view()
#8 /var/www/html/vendor/codeigniter4/framework/system/CodeIgniter.php(507): CodeIgniter\CodeIgniter->runController(Object(App\Controllers\Book))
#9 /var/www/html/vendor/codeigniter4/framework/system/CodeIgniter.php(354): CodeIgniter\CodeIgniter->handleRequest(NULL, Object(Config\Cache), false)
#10 /var/www/html/vendor/codeigniter4/framework/system/Boot.php(363): CodeIgniter\CodeIgniter->run()
#11 /var/www/html/vendor/codeigniter4/framework/system/Boot.php(68): CodeIgniter\Boot::runCodeIgniter(Object(CodeIgniter\CodeIgniter))
#12 /var/www/html/public/index.php(59): CodeIgniter\Boot::bootWeb(Object(Config\Paths))
#13 {main}
CRITICAL - 2025-09-01 03:09:14 --> CodeIgniter\Database\Exceptions\DatabaseException: Unable to connect to the database.
Main connection [MySQLi]: Connection refused
[Method: GET, Route: Book/view]
in SYSTEMPATH/Database/BaseConnection.php on line 465.
 1 SYSTEMPATH/Database/BaseConnection.php(614): CodeIgniter\Database\BaseConnection->initialize()
 2 SYSTEMPATH/Database/BaseBuilder.php(1649): CodeIgniter\Database\BaseConnection->query('SELECT *
FROM `books`', [], false)
 3 SYSTEMPATH/Model.php(286): CodeIgniter\Database\BaseBuilder->get()
 4 SYSTEMPATH/BaseModel.php(677): CodeIgniter\Model->doFindAll(0, 0)
 5 APPPATH/Models/BookModel.php(17): CodeIgniter\BaseModel->findAll()
 6 APPPATH/Controllers/Book.php(45): App\Models\BookModel->get_all_books()
 7 SYSTEMPATH/CodeIgniter.php(933): App\Controllers\Book->view()
 8 SYSTEMPATH/CodeIgniter.php(507): CodeIgniter\CodeIgniter->runController(Object(App\Controllers\Book))
 9 SYSTEMPATH/CodeIgniter.php(354): CodeIgniter\CodeIgniter->handleRequest(null, Object(Config\Cache), false)
10 SYSTEMPATH/Boot.php(363): CodeIgniter\CodeIgniter->run()
11 SYSTEMPATH/Boot.php(68): CodeIgniter\Boot::runCodeIgniter(Object(CodeIgniter\CodeIgniter))
12 FCPATH/index.php(59): CodeIgniter\Boot::bootWeb(Object(Config\Paths))
CRITICAL - 2025-09-01 03:14:15 --> ErrorException: Attempt to read property "title" on array
[Method: GET, Route: Book/view]
in APPPATH/Views/view_book.php on line 8.
 1 APPPATH/Views/view_book.php(8): CodeIgniter\Debug\Exceptions->errorHandler(2, 'Attempt to read property "title" on array', '/var/www/html/app/Views/view_book.php', 8)
 2 SYSTEMPATH/View/View.php(226): include('/var/www/html/app/Views/view_book.php')
 3 SYSTEMPATH/View/View.php(229): CodeIgniter\View\View->CodeIgniter\View\{closure}()
 4 SYSTEMPATH/Common.php(1167): CodeIgniter\View\View->render('view_book', [], true)
 5 APPPATH/Controllers/Book.php(47): view('view_book', [...])
 6 SYSTEMPATH/CodeIgniter.php(933): App\Controllers\Book->view()
 7 SYSTEMPATH/CodeIgniter.php(507): CodeIgniter\CodeIgniter->runController(Object(App\Controllers\Book))
 8 SYSTEMPATH/CodeIgniter.php(354): CodeIgniter\CodeIgniter->handleRequest(null, Object(Config\Cache), false)
 9 SYSTEMPATH/Boot.php(363): CodeIgniter\CodeIgniter->run()
10 SYSTEMPATH/Boot.php(68): CodeIgniter\Boot::runCodeIgniter(Object(CodeIgniter\CodeIgniter))
11 FCPATH/index.php(59): CodeIgniter\Boot::bootWeb(Object(Config\Paths))
ERROR - 2025-09-01 04:08:27 --> mysqli_sql_exception: Unknown column 'created_at' in 'field list' in /var/www/html/vendor/codeigniter4/framework/system/Database/MySQLi/Connection.php:327
Stack trace:
#0 /var/www/html/vendor/codeigniter4/framework/system/Database/MySQLi/Connection.php(327): mysqli->query('INSERT INTO `bo...', 0)
#1 /var/www/html/vendor/codeigniter4/framework/system/Database/BaseConnection.php(729): CodeIgniter\Database\MySQLi\Connection->execute('INSERT INTO `bo...')
#2 /var/www/html/vendor/codeigniter4/framework/system/Database/BaseConnection.php(646): CodeIgniter\Database\BaseConnection->simpleQuery('INSERT INTO `bo...')
#3 /var/www/html/vendor/codeigniter4/framework/system/Database/BaseBuilder.php(2345): CodeIgniter\Database\BaseConnection->query('INSERT INTO `bo...', Array, false)
#4 /var/www/html/vendor/codeigniter4/framework/system/Model.php(394): CodeIgniter\Database\BaseBuilder->insert()
#5 /var/www/html/vendor/codeigniter4/framework/system/BaseModel.php(838): CodeIgniter\Model->doInsert(Array)
#6 /var/www/html/vendor/codeigniter4/framework/system/Model.php(797): CodeIgniter\BaseModel->insert(Array, false)
#7 /var/www/html/vendor/codeigniter4/framework/system/BaseModel.php(751): CodeIgniter\Model->insert(Array, false)
#8 /var/www/html/app/Models/BookModel.php(30): CodeIgniter\BaseModel->save(Array)
#9 /var/www/html/app/Controllers/Book.php(46): App\Models\BookModel->insert_book(Array)
#10 /var/www/html/vendor/codeigniter4/framework/system/CodeIgniter.php(933): App\Controllers\Book->save()
#11 /var/www/html/vendor/codeigniter4/framework/system/CodeIgniter.php(507): CodeIgniter\CodeIgniter->runController(Object(App\Controllers\Book))
#12 /var/www/html/vendor/codeigniter4/framework/system/CodeIgniter.php(354): CodeIgniter\CodeIgniter->handleRequest(NULL, Object(Config\Cache), false)
#13 /var/www/html/vendor/codeigniter4/framework/system/Boot.php(363): CodeIgniter\CodeIgniter->run()
#14 /var/www/html/vendor/codeigniter4/framework/system/Boot.php(68): CodeIgniter\Boot::runCodeIgniter(Object(CodeIgniter\CodeIgniter))
#15 /var/www/html/public/index.php(59): CodeIgniter\Boot::bootWeb(Object(Config\Paths))
#16 {main}
CRITICAL - 2025-09-01 04:08:27 --> CodeIgniter\Database\Exceptions\DatabaseException: Unknown column 'created_at' in 'field list'
[Method: POST, Route: Book/save]
in SYSTEMPATH/Database/BaseConnection.php on line 684.
 1 SYSTEMPATH/Database/BaseBuilder.php(2345): CodeIgniter\Database\BaseConnection->query('INSERT INTO `books` (`title`, `author`, `genre`, `publication_year`, `created_at`, `updated_at`) VALUES (:title:, :author:, :genre:, :publication_year:, :created_at:, :updated_at:)', [...], false)
 2 SYSTEMPATH/Model.php(394): CodeIgniter\Database\BaseBuilder->insert()
 3 SYSTEMPATH/BaseModel.php(838): CodeIgniter\Model->doInsert([...])
 4 SYSTEMPATH/Model.php(797): CodeIgniter\BaseModel->insert([...], false)
 5 SYSTEMPATH/BaseModel.php(751): CodeIgniter\Model->insert([...], false)
 6 APPPATH/Models/BookModel.php(30): CodeIgniter\BaseModel->save([...])
 7 APPPATH/Controllers/Book.php(46): App\Models\BookModel->insert_book([...])
 8 SYSTEMPATH/CodeIgniter.php(933): App\Controllers\Book->save()
 9 SYSTEMPATH/CodeIgniter.php(507): CodeIgniter\CodeIgniter->runController(Object(App\Controllers\Book))
10 SYSTEMPATH/CodeIgniter.php(354): CodeIgniter\CodeIgniter->handleRequest(null, Object(Config\Cache), false)
11 SYSTEMPATH/Boot.php(363): CodeIgniter\CodeIgniter->run()
12 SYSTEMPATH/Boot.php(68): CodeIgniter\Boot::runCodeIgniter(Object(CodeIgniter\CodeIgniter))
13 FCPATH/index.php(59): CodeIgniter\Boot::bootWeb(Object(Config\Paths))
CRITICAL - 2025-09-01 04:08:27 --> [Caused by] CodeIgniter\Database\Exceptions\DatabaseException: Unknown column 'created_at' in 'field list'
in SYSTEMPATH/Database/MySQLi/Connection.php on line 332.
 1 SYSTEMPATH/Database/BaseConnection.php(729): CodeIgniter\Database\MySQLi\Connection->execute('INSERT INTO `books` (`title`, `author`, `genre`, `publication_year`, `created_at`, `updated_at`) VALUES (\'TT\', \'JO\', \'GGG\', \'2012\', \'2025-09-01 04:08:27\', \'2025-09-01 04:08:27\')')
 2 SYSTEMPATH/Database/BaseConnection.php(646): CodeIgniter\Database\BaseConnection->simpleQuery('INSERT INTO `books` (`title`, `author`, `genre`, `publication_year`, `created_at`, `updated_at`) VALUES (\'TT\', \'JO\', \'GGG\', \'2012\', \'2025-09-01 04:08:27\', \'2025-09-01 04:08:27\')')
 3 SYSTEMPATH/Database/BaseBuilder.php(2345): CodeIgniter\Database\BaseConnection->query('INSERT INTO `books` (`title`, `author`, `genre`, `publication_year`, `created_at`, `updated_at`) VALUES (:title:, :author:, :genre:, :publication_year:, :created_at:, :updated_at:)', [...], false)
 4 SYSTEMPATH/Model.php(394): CodeIgniter\Database\BaseBuilder->insert()
 5 SYSTEMPATH/BaseModel.php(838): CodeIgniter\Model->doInsert([...])
 6 SYSTEMPATH/Model.php(797): CodeIgniter\BaseModel->insert([...], false)
 7 SYSTEMPATH/BaseModel.php(751): CodeIgniter\Model->insert([...], false)
 8 APPPATH/Models/BookModel.php(30): CodeIgniter\BaseModel->save([...])
 9 APPPATH/Controllers/Book.php(46): App\Models\BookModel->insert_book([...])
10 SYSTEMPATH/CodeIgniter.php(933): App\Controllers\Book->save()
11 SYSTEMPATH/CodeIgniter.php(507): CodeIgniter\CodeIgniter->runController(Object(App\Controllers\Book))
12 SYSTEMPATH/CodeIgniter.php(354): CodeIgniter\CodeIgniter->handleRequest(null, Object(Config\Cache), false)
13 SYSTEMPATH/Boot.php(363): CodeIgniter\CodeIgniter->run()
14 SYSTEMPATH/Boot.php(68): CodeIgniter\Boot::runCodeIgniter(Object(CodeIgniter\CodeIgniter))
15 FCPATH/index.php(59): CodeIgniter\Boot::bootWeb(Object(Config\Paths))
CRITICAL - 2025-09-01 04:08:28 --> [Caused by] mysqli_sql_exception: Unknown column 'created_at' in 'field list'
in SYSTEMPATH/Database/MySQLi/Connection.php on line 327.
 1 SYSTEMPATH/Database/MySQLi/Connection.php(327): mysqli->query('INSERT INTO `books` (`title`, `author`, `genre`, `publication_year`, `created_at`, `updated_at`) VALUES (\'TT\', \'JO\', \'GGG\', \'2012\', \'2025-09-01 04:08:27\', \'2025-09-01 04:08:27\')', 0)
 2 SYSTEMPATH/Database/BaseConnection.php(729): CodeIgniter\Database\MySQLi\Connection->execute('INSERT INTO `books` (`title`, `author`, `genre`, `publication_year`, `created_at`, `updated_at`) VALUES (\'TT\', \'JO\', \'GGG\', \'2012\', \'2025-09-01 04:08:27\', \'2025-09-01 04:08:27\')')
 3 SYSTEMPATH/Database/BaseConnection.php(646): CodeIgniter\Database\BaseConnection->simpleQuery('INSERT INTO `books` (`title`, `author`, `genre`, `publication_year`, `created_at`, `updated_at`) VALUES (\'TT\', \'JO\', \'GGG\', \'2012\', \'2025-09-01 04:08:27\', \'2025-09-01 04:08:27\')')
 4 SYSTEMPATH/Database/BaseBuilder.php(2345): CodeIgniter\Database\BaseConnection->query('INSERT INTO `books` (`title`, `author`, `genre`, `publication_year`, `created_at`, `updated_at`) VALUES (:title:, :author:, :genre:, :publication_year:, :created_at:, :updated_at:)', [...], false)
 5 SYSTEMPATH/Model.php(394): CodeIgniter\Database\BaseBuilder->insert()
 6 SYSTEMPATH/BaseModel.php(838): CodeIgniter\Model->doInsert([...])
 7 SYSTEMPATH/Model.php(797): CodeIgniter\BaseModel->insert([...], false)
 8 SYSTEMPATH/BaseModel.php(751): CodeIgniter\Model->insert([...], false)
 9 APPPATH/Models/BookModel.php(30): CodeIgniter\BaseModel->save([...])
10 APPPATH/Controllers/Book.php(46): App\Models\BookModel->insert_book([...])
11 SYSTEMPATH/CodeIgniter.php(933): App\Controllers\Book->save()
12 SYSTEMPATH/CodeIgniter.php(507): CodeIgniter\CodeIgniter->runController(Object(App\Controllers\Book))
13 SYSTEMPATH/CodeIgniter.php(354): CodeIgniter\CodeIgniter->handleRequest(null, Object(Config\Cache), false)
14 SYSTEMPATH/Boot.php(363): CodeIgniter\CodeIgniter->run()
15 SYSTEMPATH/Boot.php(68): CodeIgniter\Boot::runCodeIgniter(Object(CodeIgniter\CodeIgniter))
16 FCPATH/index.php(59): CodeIgniter\Boot::bootWeb(Object(Config\Paths))
DEBUG - 2025-09-01 04:10:26 --> Session: Class initialized using 'CodeIgniter\Session\Handlers\FileHandler' driver.
DEBUG - 2025-09-01 04:14:27 --> Session: Class initialized using 'CodeIgniter\Session\Handlers\FileHandler' driver.
